<?xml version="1.0" encoding="UTF-8"?>
<!-- Generated by org.testng.reporters.JUnitReportReporter -->
<testsuite skipped="0" hostname="Arjun" name="com.Ecommerce_test" tests="1" failures="0" timestamp="2022-10-17T20:48:02 IST" time="71.241" errors="0">
  <testcase name="ecommerce_test" time="71.241" classname="com.Ecommerce_test"/>
  <system-out/>
</testsuite> <!-- com.Ecommerce_test -->
